<?xml version="1.0" encoding="UTF-8"?>
<!-- Generated by org.testng.reporters.JUnitXMLReporter -->
<testsuite ignored="0" hostname="SidPanInc" failures="0" tests="3" name="Default test" time="47.885" errors="0" timestamp="2023-09-07T10:42:27 IST">
  <testcase classname="testcase.TestCase1" name="login_test" time="13.592"/>
  <testcase classname="testcase.TestCase1" name="login_test" time="10.472"/>
  <testcase classname="testcase.TestCase1" name="login_test" time="15.795"/>
</testsuite> <!-- Default test -->
