<?xml version="1.0" encoding="UTF-8"?>
<testng-results ignored="0" total="3" passed="3" failed="0" skipped="0">
  <reporter-output>
    <line>
      <![CDATA[User name typed]]>
    </line>
    <line>
      <![CDATA[Password typed]]>
    </line>
    <line>
      <![CDATA[Logged in!!!!]]>
    </line>
    <line>
      <![CDATA[Page title verified]]>
    </line>
    <line>
      <![CDATA[Menu clicked to log out!!]]>
    </line>
    <line>
      <![CDATA[Logged out!!]]>
    </line>
    <line>
      <![CDATA[User name typed]]>
    </line>
    <line>
      <![CDATA[Password typed]]>
    </line>
    <line>
      <![CDATA[Logged in!!!!]]>
    </line>
    <line>
      <![CDATA[Page title verified]]>
    </line>
    <line>
      <![CDATA[Menu clicked to log out!!]]>
    </line>
    <line>
      <![CDATA[Logged out!!]]>
    </line>
    <line>
      <![CDATA[User name typed]]>
    </line>
    <line>
      <![CDATA[Password typed]]>
    </line>
    <line>
      <![CDATA[Logged in!!!!]]>
    </line>
    <line>
      <![CDATA[Page title verified]]>
    </line>
    <line>
      <![CDATA[Menu clicked to log out!!]]>
    </line>
    <line>
      <![CDATA[Logged out!!]]>
    </line>
  </reporter-output>
  <suite started-at="2023-09-07T10:41:39 IST" name="Default suite" finished-at="2023-09-07T10:42:26 IST" duration-ms="47885">
    <groups>
    </groups>
    <test started-at="2023-09-07T10:41:39 IST" name="Default test" finished-at="2023-09-07T10:42:26 IST" duration-ms="47885">
      <class name="testcase.TestCase1">
        <test-method is-config="true" signature="set_up()[pri:0, instance:testcase.TestCase1@2dfaea86]" started-at="2023-09-07T10:41:39 IST" name="set_up" finished-at="2023-09-07T10:41:46 IST" duration-ms="7358" status="PASS">
          <reporter-output>
          </reporter-output>
        </test-method> <!-- set_up -->
        <test-method signature="login_test(java.lang.String,java.lang.String)[pri:0, instance:testcase.TestCase1@2dfaea86]" started-at="2023-09-07T10:41:46 IST" name="login_test" data-provider="testData1" finished-at="2023-09-07T10:42:00 IST" duration-ms="13592" status="PASS">
          <params>
            <param index="0">
              <value>
                <![CDATA[standard_user]]>
              </value>
            </param>
            <param index="1">
              <value>
                <![CDATA[secret_sauce]]>
              </value>
            </param>
          </params>
          <reporter-output>
            <line>
              <![CDATA[User name typed]]>
            </line>
            <line>
              <![CDATA[Password typed]]>
            </line>
            <line>
              <![CDATA[Logged in!!!!]]>
            </line>
            <line>
              <![CDATA[Page title verified]]>
            </line>
            <line>
              <![CDATA[Menu clicked to log out!!]]>
            </line>
            <line>
              <![CDATA[Logged out!!]]>
            </line>
          </reporter-output>
        </test-method> <!-- login_test -->
        <test-method signature="login_test(java.lang.String,java.lang.String)[pri:0, instance:testcase.TestCase1@2dfaea86]" started-at="2023-09-07T10:42:00 IST" name="login_test" data-provider="testData1" finished-at="2023-09-07T10:42:10 IST" duration-ms="10472" status="PASS">
          <params>
            <param index="0">
              <value>
                <![CDATA[problem_user]]>
              </value>
            </param>
            <param index="1">
              <value>
                <![CDATA[secret_sauce]]>
              </value>
            </param>
          </params>
          <reporter-output>
            <line>
              <![CDATA[User name typed]]>
            </line>
            <line>
              <![CDATA[Password typed]]>
            </line>
            <line>
              <![CDATA[Logged in!!!!]]>
            </line>
            <line>
              <![CDATA[Page title verified]]>
            </line>
            <line>
              <![CDATA[Menu clicked to log out!!]]>
            </line>
            <line>
              <![CDATA[Logged out!!]]>
            </line>
          </reporter-output>
        </test-method> <!-- login_test -->
        <test-method signature="login_test(java.lang.String,java.lang.String)[pri:0, instance:testcase.TestCase1@2dfaea86]" started-at="2023-09-07T10:42:10 IST" name="login_test" data-provider="testData1" finished-at="2023-09-07T10:42:26 IST" duration-ms="15795" status="PASS">
          <params>
            <param index="0">
              <value>
                <![CDATA[performance_glitch_user]]>
              </value>
            </param>
            <param index="1">
              <value>
                <![CDATA[secret_sauce]]>
              </value>
            </param>
          </params>
          <reporter-output>
            <line>
              <![CDATA[User name typed]]>
            </line>
            <line>
              <![CDATA[Password typed]]>
            </line>
            <line>
              <![CDATA[Logged in!!!!]]>
            </line>
            <line>
              <![CDATA[Page title verified]]>
            </line>
            <line>
              <![CDATA[Menu clicked to log out!!]]>
            </line>
            <line>
              <![CDATA[Logged out!!]]>
            </line>
          </reporter-output>
        </test-method> <!-- login_test -->
        <test-method is-config="true" signature="tear_down()[pri:0, instance:testcase.TestCase1@2dfaea86]" started-at="2023-09-07T10:42:26 IST" name="tear_down" finished-at="2023-09-07T10:42:26 IST" duration-ms="494" status="PASS">
          <reporter-output>
          </reporter-output>
        </test-method> <!-- tear_down -->
      </class> <!-- testcase.TestCase1 -->
    </test> <!-- Default test -->
  </suite> <!-- Default suite -->
</testng-results>
